{"name": "Create Efetuado com Sucesso -- @1.1 ", "status": "broken", "statusDetails": {"message": "selenium.common.exceptions.TimeoutException: Message: \n\n", "trace": "  File \"C:\\Users\\dluca\\AppData\\Roaming\\Python\\Python39\\site-packages\\behave\\model.py\", line 1329, in run\n    match.run(runner.context)\n  File \"C:\\Users\\dluca\\AppData\\Roaming\\Python\\Python39\\site-packages\\behave\\matchers.py\", line 98, in run\n    self.func(context, *args, **kwargs)\n  File \"features\\steps\\Create.py\", line 27, in step_impl\n    Booklist(context).pagina_carregada()\n  File \"D:\\Devlopment\\aspdotnetcore\\BookListRazor\\teste\\BehaveProject\\features\\pages\\Booklist.py\", line 13, in pagina_carregada\n    WebDriverWait(self.context.browser, self.context.variables[\"element_load_timeout\"]). until(\n  File \"c:\\python39\\lib\\site-packages\\selenium\\webdriver\\support\\wait.py\", line 80, in until\n    raise TimeoutException(message, screen, stacktrace)\n"}, "steps": [{"name": "Dado que esteja na página create", "status": "passed", "start": 1614026035527, "stop": 1614026036926}, {"name": "Quando insiro xxxxxx no campo name do create", "status": "passed", "start": 1614026036927, "stop": 1614026037154}, {"name": "E insiro Eu Mesmo no campo author do create", "status": "passed", "start": 1614026037155, "stop": 1614026037278}, {"name": "E insiro 11211215815 no campo isbn do create", "status": "passed", "start": 1614026037279, "stop": 1614026037355}, {"name": "E clico no botão create do create", "status": "passed", "start": 1614026037356, "stop": 1614026037667}, {"name": "Então verifico que a booklist foi carregada", "status": "broken", "statusDetails": {"message": "selenium.common.exceptions.TimeoutException: Message: \n\n", "trace": "  File \"C:\\Users\\dluca\\AppData\\Roaming\\Python\\Python39\\site-packages\\behave\\model.py\", line 1329, in run\n    match.run(runner.context)\n  File \"C:\\Users\\dluca\\AppData\\Roaming\\Python\\Python39\\site-packages\\behave\\matchers.py\", line 98, in run\n    self.func(context, *args, **kwargs)\n  File \"features\\steps\\Create.py\", line 27, in step_impl\n    Booklist(context).pagina_carregada()\n  File \"D:\\Devlopment\\aspdotnetcore\\BookListRazor\\teste\\BehaveProject\\features\\pages\\Booklist.py\", line 13, in pagina_carregada\n    WebDriverWait(self.context.browser, self.context.variables[\"element_load_timeout\"]). until(\n  File \"c:\\python39\\lib\\site-packages\\selenium\\webdriver\\support\\wait.py\", line 80, in until\n    raise TimeoutException(message, screen, stacktrace)\n"}, "start": 1614026037672, "stop": 1614026053094}], "parameters": [{"name": "nome", "value": "xxxxxx"}, {"name": "autor", "value": "Eu Mesmo"}, {"name": "isbn", "value": "11211215815"}], "start": 1614026035498, "stop": 1614026053105, "uuid": "2526ddd1-d007-425c-af2e-ee03c3d304be", "historyId": "c172f6cc5b89909b556f8c00831610ae", "fullName": "Create livro em CRUD BookListRazor: Create Efetuado com Sucesso", "labels": [{"name": "severity", "value": "normal"}, {"name": "tag", "value": "TC0000_xx"}, {"name": "tag", "value": "all"}, {"name": "tag", "value": "create"}, {"name": "tag", "value": "createsucesso"}, {"name": "tag", "value": "sprint9"}, {"name": "feature", "value": "Create livro em CRUD BookListRazor"}, {"name": "framework", "value": "behave"}, {"name": "language", "value": "cpython3"}]}